<?xml version="1.0" encoding="UTF-8"?>
<!-- Generated by org.testng.reporters.JUnitReportReporter -->
<testsuite hostname="US-PF2HXKRR" name="PracticeMaven.MavenExample.AppiumTest" tests="2" failures="0" timestamp="27 Apr 2023 10:21:02 GMT" time="0.013" errors="0">
  <testcase name="iOSApp" time="0.001" classname="PracticeMaven.MavenExample.AppiumTest"/>
  <testcase name="NativeApp" time="0.012" classname="PracticeMaven.MavenExample.AppiumTest"/>
</testsuite> <!-- PracticeMaven.MavenExample.AppiumTest -->
