<?xml version="1.0" encoding="UTF-8"?>
<!-- Generated by org.testng.reporters.JUnitReportReporter -->
<testsuite skipped="0" hostname="US-PF2HXKRR" name="PracticeMaven.MavenExample.RESTAPIAssuredTest" tests="2" failures="0" timestamp="2023-04-28T17:24:04 IST" time="0.001" errors="0">
  <testcase name="PostJira" time="0.001" classname="PracticeMaven.MavenExample.RESTAPIAssuredTest"/>
  <system-out/>
  <testcase name="deleteTwitter" time="0.000" classname="PracticeMaven.MavenExample.RESTAPIAssuredTest"/>
  <system-out/>
</testsuite> <!-- PracticeMaven.MavenExample.RESTAPIAssuredTest -->
